Arguments: 
  /usr/local/bin/node /usr/local/Cellar/yarn/1.7.0/libexec/bin/yarn.js add request

PATH: 
  /usr/local/bin:/usr/local/bin:/usr/bin:/bin:/usr/sbin:/sbin:/usr/local/rvm/bin

Yarn version: 
  1.7.0

Node version: 
  10.7.0

Platform: 
  darwin x64

Trace: 
  Error: EACCES: permission denied, unlink '/Applications/MAMP/htdocs/Abhisek CN/WebSocket Fundamental/socketio-backend/node_modules/async/package.json'

npm manifest: 
  {
    "name": "web-socket-io",
    "version": "2.0.1",
    "description": "Socket.io Tutorial Combined With Websocket",
    "main": "index.js",
    "scripts": {
      "start": "nodemon index"
    },
    "keywords": [
      "websocket",
      "socket.io",
      "node.js"
    ],
    "author": "Abhisek Dutta",
    "license": "ISC",
    "dependencies": {
      "async": "^2.6.1",
      "express": "^4.16.3",
      "mongodb": "^3.1.3",
      "mongoose": "^5.2.9",
      "nodemon": "^1.18.3",
      "socket.io": "^2.1.1",
      "ws": "^6.0.0"
    }
  }

yarn manifest: 
  No manifest

Lockfile: 
  No lockfile
