::1 - - [29/Jul/2017:07:33:04 +0000] "GET /users/parser/k HTTP/1.1" 200 139 "-" "Mozilla/5.0 (Windows NT 10.0; Win64; x64) AppleWebKit/537.36 (KHTML, like Gecko) Chrome/59.0.3071.115 Safari/537.36"
::1 - - [29/Jul/2017:09:00:09 +0000] "POST /users/authenticate HTTP/1.1" 200 475 "-" "Mozilla/5.0"
::1 - - [29/Jul/2017:09:06:59 +0000] "POST /users/authenticate HTTP/1.1" 200 475 "-" "Mozilla/5.0"
::1 - - [29/Jul/2017:09:10:16 +0000] "POST /users/authenticate HTTP/1.1" 200 475 "-" "Mozilla/5.0"
::1 - - [29/Jul/2017:09:10:43 +0000] "POST /users/authenticate HTTP/1.1" 200 475 "-" "Mozilla/5.0"
::1 - - [29/Jul/2017:09:24:28 +0000] "POST /users/authenticate HTTP/1.1" 200 475 "-" "Mozilla/5.0"
::1 - - [29/Jul/2017:09:42:58 +0000] "POST /users/authenticate HTTP/1.1" 200 475 "-" "Mozilla/5.0"
::1 - - [29/Jul/2017:10:02:28 +0000] "POST /users/authenticate HTTP/1.1" 200 475 "-" "Mozilla/5.0"
::1 - - [29/Jul/2017:10:06:29 +0000] "GET /users/lum HTTP/1.1" 404 148 "-" "Mozilla/5.0 (Windows NT 10.0; Win64; x64) AppleWebKit/537.36 (KHTML, like Gecko) Chrome/59.0.3071.115 Safari/537.36"
::1 - - [29/Jul/2017:10:06:51 +0000] "GET /users/lum/ HTTP/1.1" 404 149 "-" "Mozilla/5.0 (Windows NT 10.0; Win64; x64) AppleWebKit/537.36 (KHTML, like Gecko) Chrome/59.0.3071.115 Safari/537.36"
::1 - - [29/Jul/2017:10:06:54 +0000] "GET /users/lum HTTP/1.1" 404 148 "-" "Mozilla/5.0 (Windows NT 10.0; Win64; x64) AppleWebKit/537.36 (KHTML, like Gecko) Chrome/59.0.3071.115 Safari/537.36"
::1 - - [29/Jul/2017:10:07:16 +0000] "GET /users/lum HTTP/1.1" 500 2943 "-" "Mozilla/5.0 (Windows NT 10.0; Win64; x64) AppleWebKit/537.36 (KHTML, like Gecko) Chrome/59.0.3071.115 Safari/537.36"
::1 - - [29/Jul/2017:10:07:45 +0000] "GET /users/lum HTTP/1.1" 500 2968 "-" "Mozilla/5.0 (Windows NT 10.0; Win64; x64) AppleWebKit/537.36 (KHTML, like Gecko) Chrome/59.0.3071.115 Safari/537.36"
::1 - - [29/Jul/2017:10:11:12 +0000] "GET /users/lum HTTP/1.1" 500 2981 "-" "Mozilla/5.0 (Windows NT 10.0; Win64; x64) AppleWebKit/537.36 (KHTML, like Gecko) Chrome/59.0.3071.115 Safari/537.36"
::1 - - [29/Jul/2017:10:11:42 +0000] "GET /users/lum HTTP/1.1" 500 2968 "-" "Mozilla/5.0 (Windows NT 10.0; Win64; x64) AppleWebKit/537.36 (KHTML, like Gecko) Chrome/59.0.3071.115 Safari/537.36"
::1 - - [29/Jul/2017:10:12:12 +0000] "GET /users/lum HTTP/1.1" 500 2968 "-" "Mozilla/5.0 (Windows NT 10.0; Win64; x64) AppleWebKit/537.36 (KHTML, like Gecko) Chrome/59.0.3071.115 Safari/537.36"
::1 - - [29/Jul/2017:10:12:22 +0000] "GET /users/lum HTTP/1.1" 500 2968 "-" "Mozilla/5.0 (Windows NT 10.0; Win64; x64) AppleWebKit/537.36 (KHTML, like Gecko) Chrome/59.0.3071.115 Safari/537.36"
::1 - - [29/Jul/2017:10:13:12 +0000] "GET /users/lum HTTP/1.1" 500 2968 "-" "Mozilla/5.0 (Windows NT 10.0; Win64; x64) AppleWebKit/537.36 (KHTML, like Gecko) Chrome/59.0.3071.115 Safari/537.36"
::1 - - [29/Jul/2017:10:13:28 +0000] "GET /users/lum HTTP/1.1" 200 3 "-" "Mozilla/5.0 (Windows NT 10.0; Win64; x64) AppleWebKit/537.36 (KHTML, like Gecko) Chrome/59.0.3071.115 Safari/537.36"
::1 - - [29/Jul/2017:10:13:54 +0000] "GET /users/lum HTTP/1.1" 304 - "-" "Mozilla/5.0 (Windows NT 10.0; Win64; x64) AppleWebKit/537.36 (KHTML, like Gecko) Chrome/59.0.3071.115 Safari/537.36"
::1 - - [29/Jul/2017:10:16:16 +0000] "GET /users/lum HTTP/1.1" 304 - "-" "Mozilla/5.0 (Windows NT 10.0; Win64; x64) AppleWebKit/537.36 (KHTML, like Gecko) Chrome/59.0.3071.115 Safari/537.36"
::1 - - [29/Jul/2017:10:23:04 +0000] "GET /users/lum HTTP/1.1" 200 3 "-" "Mozilla/5.0 (Windows NT 10.0; Win64; x64) AppleWebKit/537.36 (KHTML, like Gecko) Chrome/59.0.3071.115 Safari/537.36"
::1 - - [29/Jul/2017:10:23:46 +0000] "POST /users/authenticate HTTP/1.1" 200 475 "-" "Mozilla/5.0"
::1 - - [29/Jul/2017:10:25:57 +0000] "POST /users/authenticate HTTP/1.1" 200 475 "-" "Mozilla/5.0"
::1 - - [29/Jul/2017:10:31:53 +0000] "POST /users/authenticate HTTP/1.1" 200 475 "-" "Mozilla/5.0"
::1 - - [29/Jul/2017:10:35:50 +0000] "POST /users/authenticate HTTP/1.1" 200 475 "-" "Mozilla/5.0"
::1 - - [29/Jul/2017:10:37:01 +0000] "POST /users/authenticate HTTP/1.1" 200 475 "-" "Mozilla/5.0"
::1 - - [29/Jul/2017:10:41:01 +0000] "POST /users/authenticate HTTP/1.1" 200 475 "-" "Mozilla/5.0"
::1 - - [29/Jul/2017:10:43:24 +0000] "POST /users/authenticate HTTP/1.1" 200 475 "-" "Mozilla/5.0"
::1 - - [29/Jul/2017:10:49:29 +0000] "POST /users/authenticate HTTP/1.1" 200 475 "-" "Mozilla/5.0"
::1 - - [29/Jul/2017:10:50:52 +0000] "POST /users/authenticate HTTP/1.1" 200 475 "-" "Mozilla/5.0"
::1 - - [29/Jul/2017:10:53:39 +0000] "POST /users/authenticate HTTP/1.1" 200 475 "-" "Mozilla/5.0"
::1 - - [29/Jul/2017:11:00:07 +0000] "POST /users/authenticate HTTP/1.1" 200 475 "-" "Mozilla/5.0"
::1 - - [29/Jul/2017:11:02:28 +0000] "POST /users/authenticate HTTP/1.1" 200 475 "-" "Mozilla/5.0"
::1 - - [29/Jul/2017:11:04:04 +0000] "POST /users/authenticate HTTP/1.1" 200 475 "-" "Mozilla/5.0"
::1 - - [29/Jul/2017:11:15:52 +0000] "POST /users/authenticate HTTP/1.1" 200 475 "-" "Mozilla/5.0"
::1 - - [29/Jul/2017:11:18:03 +0000] "POST /users/authenticate HTTP/1.1" 200 475 "-" "Mozilla/5.0"
::1 - - [29/Jul/2017:11:21:40 +0000] "POST /users/authenticate HTTP/1.1" 200 475 "-" "Mozilla/5.0"
::1 - - [29/Jul/2017:11:23:05 +0000] "POST /users/authenticate HTTP/1.1" 200 475 "-" "Mozilla/5.0"
::1 - - [29/Jul/2017:11:26:34 +0000] "POST /users/authenticate HTTP/1.1" 200 475 "-" "Mozilla/5.0"
